2025-08-24 16:49:42,396	INFO	main.py	__init__	14	pygame init
2025-08-24 16:49:42,467	INFO	main.py	main	32	MAIN_MENU
2025-08-24 16:49:43,607	INFO	main.py	main	42	GAME_LOOP
2025-08-24 16:49:43,607	INFO	Game_Loop.py	__init__	12	init
2025-08-24 16:49:43,607	INFO	Button.py	__init__	11	Button: Star_System created
2025-08-24 16:49:43,607	INFO	Button.py	__init__	11	Button: Time created
2025-08-24 16:49:43,607	INFO	Button.py	__init__	11	Button: Mission_State created
2025-08-24 16:49:43,607	INFO	Button.py	__init__	11	Button: Character_1 created
2025-08-24 16:49:43,607	INFO	Button.py	__init__	11	Button: Character_2 created
2025-08-24 16:49:43,607	INFO	Button.py	__init__	11	Button: Character_3 created
2025-08-24 16:49:43,607	INFO	Button.py	__init__	11	Button: Character_4 created
2025-08-24 16:49:43,607	INFO	Button.py	__init__	11	Button: Cargo created
2025-08-24 16:49:43,607	INFO	Button.py	__init__	11	Button: Database created
2025-08-24 16:49:43,607	INFO	Button.py	__init__	11	Button: Settings created
2025-08-24 16:49:43,607	INFO	Button.py	__init__	11	Button: Ship in the Middle created
2025-08-24 16:49:44,277	DEBUG	Button.py	action_on_hover	32	Button: Ship in the Middle hover
2025-08-24 16:49:44,292	DEBUG	Button.py	action_on_hover	32	Button: Ship in the Middle hover
2025-08-24 16:49:44,292	DEBUG	Button.py	action_on_hover	32	Button: Ship in the Middle hover
2025-08-24 16:49:44,308	DEBUG	Button.py	action_on_hover	32	Button: Ship in the Middle hover
2025-08-24 16:49:44,309	DEBUG	Button.py	action_on_hover	32	Button: Ship in the Middle hover
2025-08-24 16:49:44,325	DEBUG	Button.py	action_on_hover	32	Button: Ship in the Middle hover
2025-08-24 16:49:44,325	DEBUG	Button.py	action_on_hover	32	Button: Ship in the Middle hover
2025-08-24 16:49:44,341	DEBUG	Button.py	action_on_hover	32	Button: Ship in the Middle hover
2025-08-24 16:49:44,341	DEBUG	Button.py	action_on_hover	32	Button: Ship in the Middle hover
2025-08-24 16:49:44,357	DEBUG	Button.py	action_on_hover	32	Button: Ship in the Middle hover
2025-08-24 16:49:44,357	DEBUG	Button.py	action_on_hover	32	Button: Ship in the Middle hover
2025-08-24 16:49:44,373	DEBUG	Button.py	action_on_hover	32	Button: Ship in the Middle hover
2025-08-24 16:49:44,373	DEBUG	Button.py	action_on_hover	32	Button: Ship in the Middle hover
2025-08-24 16:49:44,389	DEBUG	Button.py	action_on_hover	32	Button: Ship in the Middle hover
2025-08-24 16:49:44,437	INFO	Button.py	action_on_push	36	Button: Ship in the Middle pressed
2025-08-24 16:49:44,501	DEBUG	Button.py	action_on_hover	32	Button: Ship in the Middle hover
2025-08-24 16:49:44,501	DEBUG	Button.py	action_on_hover	32	Button: Ship in the Middle hover
2025-08-24 16:49:44,517	DEBUG	Button.py	action_on_hover	32	Button: Ship in the Middle hover
2025-08-24 16:49:44,517	DEBUG	Button.py	action_on_hover	32	Button: Ship in the Middle hover
2025-08-24 16:49:44,533	DEBUG	Button.py	action_on_hover	32	Button: Ship in the Middle hover
2025-08-24 16:49:44,533	DEBUG	Button.py	action_on_hover	32	Button: Ship in the Middle hover
2025-08-24 16:49:44,549	DEBUG	Button.py	action_on_hover	32	Button: Ship in the Middle hover
2025-08-24 16:49:44,549	DEBUG	Button.py	action_on_hover	32	Button: Ship in the Middle hover
2025-08-24 16:49:44,565	DEBUG	Button.py	action_on_hover	32	Button: Ship in the Middle hover
2025-08-24 16:49:44,565	DEBUG	Button.py	action_on_hover	32	Button: Ship in the Middle hover
2025-08-24 16:49:44,581	DEBUG	Button.py	action_on_hover	32	Button: Ship in the Middle hover
2025-08-24 16:49:44,581	DEBUG	Button.py	action_on_hover	32	Button: Ship in the Middle hover
2025-08-24 16:49:44,597	DEBUG	Button.py	action_on_hover	32	Button: Ship in the Middle hover
2025-08-24 16:49:44,597	DEBUG	Button.py	action_on_hover	32	Button: Cargo hover
2025-08-24 16:49:44,613	DEBUG	Button.py	action_on_hover	32	Button: Cargo hover
2025-08-24 16:49:44,613	DEBUG	Button.py	action_on_hover	32	Button: Cargo hover
2025-08-24 16:49:44,629	DEBUG	Button.py	action_on_hover	32	Button: Cargo hover
2025-08-24 16:49:44,629	DEBUG	Button.py	action_on_hover	32	Button: Cargo hover
2025-08-24 16:49:44,644	DEBUG	Button.py	action_on_hover	32	Button: Cargo hover
2025-08-24 16:49:44,645	DEBUG	Button.py	action_on_hover	32	Button: Mission_State hover
2025-08-24 16:49:44,661	DEBUG	Button.py	action_on_hover	32	Button: Mission_State hover
2025-08-24 16:49:44,661	DEBUG	Button.py	action_on_hover	32	Button: Mission_State hover
2025-08-24 16:49:44,677	DEBUG	Button.py	action_on_hover	32	Button: Mission_State hover
2025-08-24 16:49:44,677	DEBUG	Button.py	action_on_hover	32	Button: Mission_State hover
2025-08-24 16:49:44,693	DEBUG	Button.py	action_on_hover	32	Button: Mission_State hover
2025-08-24 16:49:44,693	DEBUG	Button.py	action_on_hover	32	Button: Mission_State hover
2025-08-24 16:49:44,709	DEBUG	Button.py	action_on_hover	32	Button: Mission_State hover
2025-08-24 16:49:44,886	INFO	Button.py	action_on_push	36	Button: Mission_State pressed
2025-08-24 16:49:44,950	DEBUG	Button.py	action_on_hover	32	Button: Mission_State hover
2025-08-24 16:49:44,965	DEBUG	Button.py	action_on_hover	32	Button: Mission_State hover
2025-08-24 16:49:44,966	DEBUG	Button.py	action_on_hover	32	Button: Mission_State hover
2025-08-24 16:49:44,982	DEBUG	Button.py	action_on_hover	32	Button: Mission_State hover
2025-08-24 16:49:44,982	DEBUG	Button.py	action_on_hover	32	Button: Mission_State hover
2025-08-24 16:49:44,998	DEBUG	Button.py	action_on_hover	32	Button: Mission_State hover
2025-08-24 16:49:44,998	DEBUG	Button.py	action_on_hover	32	Button: Mission_State hover
2025-08-24 16:49:45,013	DEBUG	Button.py	action_on_hover	32	Button: Mission_State hover
2025-08-24 16:49:45,014	DEBUG	Button.py	action_on_hover	32	Button: Mission_State hover
2025-08-24 16:49:45,030	DEBUG	Button.py	action_on_hover	32	Button: Mission_State hover
2025-08-24 16:49:45,030	DEBUG	Button.py	action_on_hover	32	Button: Mission_State hover
2025-08-24 16:49:45,046	DEBUG	Button.py	action_on_hover	32	Button: Mission_State hover
2025-08-24 16:49:45,046	DEBUG	Button.py	action_on_hover	32	Button: Database hover
2025-08-24 16:49:45,062	DEBUG	Button.py	action_on_hover	32	Button: Database hover
2025-08-24 16:49:45,062	DEBUG	Button.py	action_on_hover	32	Button: Database hover
2025-08-24 16:49:45,078	DEBUG	Button.py	action_on_hover	32	Button: Character_1 hover
2025-08-24 16:49:45,078	DEBUG	Button.py	action_on_hover	32	Button: Character_1 hover
2025-08-24 16:49:45,095	DEBUG	Button.py	action_on_hover	32	Button: Character_1 hover
2025-08-24 16:49:45,095	DEBUG	Button.py	action_on_hover	32	Button: Character_1 hover
2025-08-24 16:49:45,111	DEBUG	Button.py	action_on_hover	32	Button: Character_1 hover
2025-08-24 16:49:45,111	DEBUG	Button.py	action_on_hover	32	Button: Character_1 hover
2025-08-24 16:49:45,127	DEBUG	Button.py	action_on_hover	32	Button: Database hover
2025-08-24 16:49:45,127	DEBUG	Button.py	action_on_hover	32	Button: Character_2 hover
2025-08-24 16:49:45,143	DEBUG	Button.py	action_on_hover	32	Button: Character_2 hover
2025-08-24 16:49:45,143	DEBUG	Button.py	action_on_hover	32	Button: Character_2 hover
2025-08-24 16:49:45,271	DEBUG	Button.py	action_on_hover	32	Button: Character_2 hover
2025-08-24 16:49:45,271	DEBUG	Button.py	action_on_hover	32	Button: Character_2 hover
2025-08-24 16:49:45,287	DEBUG	Button.py	action_on_hover	32	Button: Character_2 hover
2025-08-24 16:49:45,287	DEBUG	Button.py	action_on_hover	32	Button: Character_2 hover
2025-08-24 16:49:45,287	DEBUG	Button.py	action_on_hover	32	Button: Database hover
2025-08-24 16:49:45,303	DEBUG	Button.py	action_on_hover	32	Button: Database hover
2025-08-24 16:49:45,319	DEBUG	Button.py	action_on_hover	32	Button: Character_1 hover
2025-08-24 16:49:45,319	DEBUG	Button.py	action_on_hover	32	Button: Character_1 hover
2025-08-24 16:49:45,319	DEBUG	Button.py	action_on_hover	32	Button: Character_1 hover
2025-08-24 16:49:45,335	DEBUG	Button.py	action_on_hover	32	Button: Character_1 hover
2025-08-24 16:49:45,336	DEBUG	Button.py	action_on_hover	32	Button: Character_1 hover
2025-08-24 16:49:45,352	DEBUG	Button.py	action_on_hover	32	Button: Character_1 hover
2025-08-24 16:49:45,352	DEBUG	Button.py	action_on_hover	32	Button: Character_1 hover
2025-08-24 16:49:45,368	DEBUG	Button.py	action_on_hover	32	Button: Character_1 hover
2025-08-24 16:49:45,368	DEBUG	Button.py	action_on_hover	32	Button: Character_1 hover
2025-08-24 16:49:45,384	DEBUG	Button.py	action_on_hover	32	Button: Character_1 hover
2025-08-24 16:49:45,384	DEBUG	Button.py	action_on_hover	32	Button: Character_1 hover
2025-08-24 16:49:45,400	DEBUG	Button.py	action_on_hover	32	Button: Character_1 hover
2025-08-24 16:49:45,400	DEBUG	Button.py	action_on_hover	32	Button: Character_1 hover
2025-08-24 16:49:45,416	DEBUG	Button.py	action_on_hover	32	Button: Character_1 hover
2025-08-24 16:49:45,416	DEBUG	Button.py	action_on_hover	32	Button: Character_1 hover
2025-08-24 16:49:45,432	DEBUG	Button.py	action_on_hover	32	Button: Character_1 hover
2025-08-24 16:49:45,432	DEBUG	Button.py	action_on_hover	32	Button: Character_1 hover
2025-08-24 16:49:45,929	DEBUG	Button.py	action_on_hover	32	Button: Character_1 hover
2025-08-24 16:49:45,929	DEBUG	Button.py	action_on_hover	32	Button: Character_1 hover
2025-08-24 16:49:45,945	DEBUG	Button.py	action_on_hover	32	Button: Character_1 hover
2025-08-24 16:49:45,945	DEBUG	Button.py	action_on_hover	32	Button: Character_1 hover
2025-08-24 16:49:45,961	DEBUG	Button.py	action_on_hover	32	Button: Character_1 hover
2025-08-24 16:49:45,961	DEBUG	Button.py	action_on_hover	32	Button: Character_1 hover
2025-08-24 16:49:45,977	DEBUG	Button.py	action_on_hover	32	Button: Database hover
2025-08-24 16:49:45,977	DEBUG	Button.py	action_on_hover	32	Button: Character_2 hover
2025-08-24 16:49:45,993	DEBUG	Button.py	action_on_hover	32	Button: Character_2 hover
2025-08-24 16:49:45,993	DEBUG	Button.py	action_on_hover	32	Button: Character_2 hover
2025-08-24 16:49:45,994	DEBUG	Button.py	action_on_hover	32	Button: Character_2 hover
2025-08-24 16:49:46,009	DEBUG	Button.py	action_on_hover	32	Button: Character_2 hover
2025-08-24 16:49:46,009	DEBUG	Button.py	action_on_hover	32	Button: Character_2 hover
2025-08-24 16:49:46,025	DEBUG	Button.py	action_on_hover	32	Button: Character_2 hover
2025-08-24 16:49:46,025	DEBUG	Button.py	action_on_hover	32	Button: Database hover
2025-08-24 16:49:46,041	DEBUG	Button.py	action_on_hover	32	Button: Character_3 hover
2025-08-24 16:49:46,041	DEBUG	Button.py	action_on_hover	32	Button: Character_3 hover
2025-08-24 16:49:46,056	DEBUG	Button.py	action_on_hover	32	Button: Character_3 hover
2025-08-24 16:49:46,057	DEBUG	Button.py	action_on_hover	32	Button: Character_3 hover
2025-08-24 16:49:46,073	DEBUG	Button.py	action_on_hover	32	Button: Character_3 hover
2025-08-24 16:49:46,073	DEBUG	Button.py	action_on_hover	32	Button: Character_3 hover
2025-08-24 16:49:46,089	DEBUG	Button.py	action_on_hover	32	Button: Character_3 hover
2025-08-24 16:49:46,089	DEBUG	Button.py	action_on_hover	32	Button: Character_3 hover
2025-08-24 16:49:46,105	DEBUG	Button.py	action_on_hover	32	Button: Character_3 hover
2025-08-24 16:49:46,105	DEBUG	Button.py	action_on_hover	32	Button: Character_3 hover
2025-08-24 16:49:46,121	DEBUG	Button.py	action_on_hover	32	Button: Character_3 hover
2025-08-24 16:49:46,121	DEBUG	Button.py	action_on_hover	32	Button: Character_3 hover
2025-08-24 16:49:46,137	DEBUG	Button.py	action_on_hover	32	Button: Database hover
2025-08-24 16:49:46,137	DEBUG	Button.py	action_on_hover	32	Button: Database hover
2025-08-24 16:49:46,153	DEBUG	Button.py	action_on_hover	32	Button: Character_4 hover
2025-08-24 16:49:46,153	DEBUG	Button.py	action_on_hover	32	Button: Character_4 hover
2025-08-24 16:49:46,169	DEBUG	Button.py	action_on_hover	32	Button: Character_4 hover
2025-08-24 16:49:46,169	DEBUG	Button.py	action_on_hover	32	Button: Character_4 hover
2025-08-24 16:49:46,184	DEBUG	Button.py	action_on_hover	32	Button: Character_4 hover
2025-08-24 16:49:46,185	DEBUG	Button.py	action_on_hover	32	Button: Character_4 hover
2025-08-24 16:49:46,201	DEBUG	Button.py	action_on_hover	32	Button: Character_4 hover
2025-08-24 16:49:46,201	DEBUG	Button.py	action_on_hover	32	Button: Character_4 hover
2025-08-24 16:49:46,217	DEBUG	Button.py	action_on_hover	32	Button: Character_4 hover
2025-08-24 16:49:46,217	DEBUG	Button.py	action_on_hover	32	Button: Character_4 hover
2025-08-24 16:49:46,233	DEBUG	Button.py	action_on_hover	32	Button: Character_4 hover
2025-08-24 16:49:46,233	DEBUG	Button.py	action_on_hover	32	Button: Character_4 hover
2025-08-24 16:49:46,248	DEBUG	Button.py	action_on_hover	32	Button: Character_4 hover
2025-08-24 16:49:46,249	DEBUG	Button.py	action_on_hover	32	Button: Character_4 hover
2025-08-24 16:49:46,265	DEBUG	Button.py	action_on_hover	32	Button: Character_4 hover
2025-08-24 16:49:46,265	DEBUG	Button.py	action_on_hover	32	Button: Character_4 hover
2025-08-24 16:49:46,281	DEBUG	Button.py	action_on_hover	32	Button: Character_4 hover
2025-08-24 16:49:46,281	DEBUG	Button.py	action_on_hover	32	Button: Character_4 hover
2025-08-24 16:49:46,297	DEBUG	Button.py	action_on_hover	32	Button: Character_4 hover
2025-08-24 16:49:46,313	DEBUG	Button.py	action_on_hover	32	Button: Character_4 hover
2025-08-24 16:49:46,313	DEBUG	Button.py	action_on_hover	32	Button: Character_4 hover
2025-08-24 16:49:46,330	DEBUG	Button.py	action_on_hover	32	Button: Character_4 hover
2025-08-24 16:49:46,330	DEBUG	Button.py	action_on_hover	32	Button: Character_4 hover
2025-08-24 16:49:46,346	DEBUG	Button.py	action_on_hover	32	Button: Character_4 hover
2025-08-24 16:49:46,346	DEBUG	Button.py	action_on_hover	32	Button: Character_4 hover
2025-08-24 16:49:46,362	DEBUG	Button.py	action_on_hover	32	Button: Character_4 hover
2025-08-24 16:49:46,362	DEBUG	Button.py	action_on_hover	32	Button: Character_4 hover
2025-08-24 16:49:46,378	DEBUG	Button.py	action_on_hover	32	Button: Character_4 hover
2025-08-24 16:49:46,378	DEBUG	Button.py	action_on_hover	32	Button: Character_4 hover
2025-08-24 16:49:46,394	DEBUG	Button.py	action_on_hover	32	Button: Character_4 hover
2025-08-24 16:49:46,394	DEBUG	Button.py	action_on_hover	32	Button: Character_4 hover
2025-08-24 16:49:46,410	DEBUG	Button.py	action_on_hover	32	Button: Character_4 hover
2025-08-24 16:49:46,410	DEBUG	Button.py	action_on_hover	32	Button: Character_4 hover
2025-08-24 16:49:46,426	DEBUG	Button.py	action_on_hover	32	Button: Database hover
2025-08-24 16:49:46,426	DEBUG	Button.py	action_on_hover	32	Button: Database hover
2025-08-24 16:49:46,442	DEBUG	Button.py	action_on_hover	32	Button: Database hover
2025-08-24 16:49:46,442	DEBUG	Button.py	action_on_hover	32	Button: Database hover
2025-08-24 16:49:46,458	DEBUG	Button.py	action_on_hover	32	Button: Cargo hover
2025-08-24 16:49:46,458	DEBUG	Button.py	action_on_hover	32	Button: Cargo hover
2025-08-24 16:49:46,474	DEBUG	Button.py	action_on_hover	32	Button: Cargo hover
2025-08-24 16:49:46,474	DEBUG	Button.py	action_on_hover	32	Button: Cargo hover
2025-08-24 16:49:46,490	DEBUG	Button.py	action_on_hover	32	Button: Cargo hover
2025-08-24 16:49:46,490	DEBUG	Button.py	action_on_hover	32	Button: Cargo hover
2025-08-24 16:49:46,506	DEBUG	Button.py	action_on_hover	32	Button: Cargo hover
2025-08-24 16:49:46,506	DEBUG	Button.py	action_on_hover	32	Button: Cargo hover
2025-08-24 16:49:46,522	DEBUG	Button.py	action_on_hover	32	Button: Cargo hover
2025-08-24 16:49:46,522	DEBUG	Button.py	action_on_hover	32	Button: Cargo hover
2025-08-24 16:49:46,538	DEBUG	Button.py	action_on_hover	32	Button: Cargo hover
2025-08-24 16:49:46,538	DEBUG	Button.py	action_on_hover	32	Button: Cargo hover
2025-08-24 16:49:46,554	DEBUG	Button.py	action_on_hover	32	Button: Cargo hover
2025-08-24 16:49:46,570	DEBUG	Button.py	action_on_hover	32	Button: Ship in the Middle hover
2025-08-24 16:49:46,570	DEBUG	Button.py	action_on_hover	32	Button: Ship in the Middle hover
2025-08-24 16:49:46,586	DEBUG	Button.py	action_on_hover	32	Button: Ship in the Middle hover
2025-08-24 16:49:46,586	DEBUG	Button.py	action_on_hover	32	Button: Ship in the Middle hover
2025-08-24 16:49:46,602	DEBUG	Button.py	action_on_hover	32	Button: Ship in the Middle hover
2025-08-24 16:49:46,602	DEBUG	Button.py	action_on_hover	32	Button: Ship in the Middle hover
2025-08-24 16:49:46,618	DEBUG	Button.py	action_on_hover	32	Button: Ship in the Middle hover
2025-08-24 16:49:46,618	DEBUG	Button.py	action_on_hover	32	Button: Ship in the Middle hover
2025-08-24 16:49:46,634	DEBUG	Button.py	action_on_hover	32	Button: Ship in the Middle hover
2025-08-24 16:49:46,957	INFO	main.py	main	32	MAIN_MENU
2025-08-24 16:49:47,131	INFO	main.py	main	47	EXIT
